===== Input Data =====
Benchmark: ./input/1.txt
Chip Boundary: 1600000 (Left), 1960000 (Bottom), 2200000 (Right), 2500000 (Top)
Window Size: 10000
Number of Critical Paths: 105
Number of Layers: 9
Number of Conductors: 305667
======================

===== Dummy Fill Insertion =====
[Layer: 1] Layout Grid Construction ...
[Layer: 3] Layout Grid Construction ...
[Layer: 8] Layout Grid Construction ...
[Layer: 5] Layout Grid Construction ...
[Layer: 7] Layout Grid Construction ...
[Layer: 6] Layout Grid Construction ...
[Layer: 9] Layout Grid Construction ...
[Layer: 2] Layout Grid Construction ...
[Layer: 4] Layout Grid Construction ...
[Layer: 6] Initial Dummy Fill Insertion (column) ...
[Layer: 6] Approximate Density Refinement (column) ...
[Layer: 8] Initial Dummy Fill Insertion (column) ...
[Layer: 8] Approximate Density Refinement (column) ...
[Layer: 3] Initial Dummy Fill Insertion (row) ...
[Layer: 8] Finish Dummy Fill Insertion !!!
[Layer: 3] Approximate Density Refinement (row) ...
[Layer: 7] Initial Dummy Fill Insertion (row) ...
[Layer: 7] Approximate Density Refinement (row) ...
[Layer: 6] Finish Dummy Fill Insertion !!!
[Layer: 7] Finish Dummy Fill Insertion !!!
[Layer: 9] Initial Dummy Fill Insertion (row) ...
[Layer: 9] Approximate Density Refinement (row) ...
[Layer: 5] Initial Dummy Fill Insertion (row) ...
[Layer: 5] Approximate Density Refinement (row) ...
[Layer: 3] Finish Dummy Fill Insertion !!!
[Layer: 4] Initial Dummy Fill Insertion (column) ...
[Layer: 5] Finish Dummy Fill Insertion !!!
[Layer: 4] Approximate Density Refinement (column) ...
[Layer: 4] Finish Dummy Fill Insertion !!!
[Layer: 2] Initial Dummy Fill Insertion (column) ...
[Layer: 2] Approximate Density Refinement (column) ...
[Layer: 2] Finish Dummy Fill Insertion !!!
[Layer: 1] Initial Dummy Fill Insertion (row) ...
[Layer: 1] Approximate Density Refinement (row) ...
[Layer: 1] Finish Dummy Fill Insertion !!!
[Layer: 9] Finish Dummy Fill Insertion !!!
================================

===== Output Data =====
Number of Dummy Fills:
Layer 1: 343923
Layer 2: 401118
Layer 3: 263407
Layer 4: 204980
Layer 5: 203774
Layer 6: 200976
Layer 7: 148997
Layer 8: 134169
Layer 9: 20572
=======================

===== Runtime (sec.) =====
Total Time: 112.20978
- Input: 0.16099
- Dummy Fill Insertion: 109.14389
- Output: 2.90488
==========================
